INFO - 2024-10-19 03:08:15 --> Session: Class initialized using 'CodeIgniter\Session\Handlers\FileHandler' driver.
INFO - 2024-10-19 03:08:15 --> Session: Class initialized using 'CodeIgniter\Session\Handlers\FileHandler' driver.
WARNING - 2024-10-19 03:08:15 --> [DEPRECATED] Creation of dynamic property App\Controllers\Admin\AdminController::$db is deprecated in APPPATH/Controllers/Admin/AdminController.php on line 16.
 1 SYSTEMPATH/CodeIgniter.php(903): App\Controllers\Admin\AdminController->__construct()
 2 SYSTEMPATH/CodeIgniter.php(500): CodeIgniter\CodeIgniter->createController()
 3 SYSTEMPATH/CodeIgniter.php(355): CodeIgniter\CodeIgniter->handleRequest(null, Object(Config\Cache), false)
 4 SYSTEMPATH/Boot.php(325): CodeIgniter\CodeIgniter->run()
 5 SYSTEMPATH/Boot.php(67): CodeIgniter\Boot::runCodeIgniter(Object(CodeIgniter\CodeIgniter))
 6 FCPATH/index.php(56): CodeIgniter\Boot::bootWeb(Object(Config\Paths))
 7 SYSTEMPATH/rewrite.php(44): require_once('/Users/andrisyahputra/Documents/ci4/ci4-loker/public/index.php')
INFO - 2024-10-19 03:08:15 --> Session: Class initialized using 'CodeIgniter\Session\Handlers\FileHandler' driver.
INFO - 2024-10-19 03:08:16 --> Session: Class initialized using 'CodeIgniter\Session\Handlers\FileHandler' driver.
WARNING - 2024-10-19 03:08:16 --> [DEPRECATED] Creation of dynamic property App\Controllers\Admin\AdminController::$db is deprecated in APPPATH/Controllers/Admin/AdminController.php on line 16.
 1 SYSTEMPATH/CodeIgniter.php(903): App\Controllers\Admin\AdminController->__construct()
 2 SYSTEMPATH/CodeIgniter.php(500): CodeIgniter\CodeIgniter->createController()
 3 SYSTEMPATH/CodeIgniter.php(355): CodeIgniter\CodeIgniter->handleRequest(null, Object(Config\Cache), false)
 4 SYSTEMPATH/Boot.php(325): CodeIgniter\CodeIgniter->run()
 5 SYSTEMPATH/Boot.php(67): CodeIgniter\Boot::runCodeIgniter(Object(CodeIgniter\CodeIgniter))
 6 FCPATH/index.php(56): CodeIgniter\Boot::bootWeb(Object(Config\Paths))
 7 SYSTEMPATH/rewrite.php(44): require_once('/Users/andrisyahputra/Documents/ci4/ci4-loker/public/index.php')
INFO - 2024-10-19 03:08:16 --> Session: Class initialized using 'CodeIgniter\Session\Handlers\FileHandler' driver.
